f:\g1\week3\baseframework_2\rasteriser\x64\debug\vc141.pdb
f:\g1\week3\baseframework_2\rasteriser\x64\debug\vc141.idb
f:\g1\week3\baseframework_2\rasteriser\x64\debug\bitmap.obj
f:\g1\week3\baseframework_2\rasteriser\x64\debug\camera.obj
f:\g1\week3\baseframework_2\rasteriser\x64\debug\framework.obj
f:\g1\week3\baseframework_2\rasteriser\x64\debug\matrix.obj
f:\g1\week3\baseframework_2\rasteriser\x64\debug\md2loader.obj
f:\g1\week3\baseframework_2\rasteriser\x64\debug\model.obj
f:\g1\week3\baseframework_2\rasteriser\x64\debug\polygon3d.obj
f:\g1\week3\baseframework_2\rasteriser\x64\debug\rasteriser.obj
f:\g1\week3\baseframework_2\rasteriser\x64\debug\vertex.obj
f:\g1\week3\baseframework_2\rasteriser\x64\debug\rasteriser.res
f:\g1\week3\baseframework_2\x64\debug\rasteriser.exe
f:\g1\week3\baseframework_2\x64\debug\rasteriser.ilk
f:\g1\week3\baseframework_2\x64\debug\rasteriser.pdb
f:\g1\week3\baseframework_2\rasteriser\x64\debug\rasteriser.tlog\cl.read.1.tlog
f:\g1\week3\baseframework_2\rasteriser\x64\debug\rasteriser.tlog\cl.write.1.tlog
f:\g1\week3\baseframework_2\rasteriser\x64\debug\rasteriser.tlog\cl.command.1.tlog
f:\g1\week3\baseframework_2\rasteriser\x64\debug\rasteriser.tlog\rc.read.1.tlog
f:\g1\week3\baseframework_2\rasteriser\x64\debug\rasteriser.tlog\rc.write.1.tlog
f:\g1\week3\baseframework_2\rasteriser\x64\debug\rasteriser.tlog\rc.command.1.tlog
f:\g1\week3\baseframework_2\rasteriser\x64\debug\rasteriser.tlog\link.command.1.tlog
f:\g1\week3\baseframework_2\rasteriser\x64\debug\rasteriser.tlog\link.read.1.tlog
f:\g1\week3\baseframework_2\rasteriser\x64\debug\rasteriser.tlog\link.write.1.tlog
