  AmbientLight.cpp
  Bitmap.cpp
  Camera.cpp
  DirectionalLight.cpp
  Framework.cpp
  Matrix.cpp
  MD2Loader.cpp
  Model.cpp
  PointLight.cpp
  Polygon3D.cpp
  Rasteriser.cpp
  Texture.cpp
  UVCoordinates.cpp
  Vector3D.cpp
  Vertex.cpp
  Generating code
  567 of 577 functions (98.3%) were compiled, the rest were copied from previous compilation.
    24 functions were new in current compilation
    0 functions had inline decision re-evaluated but remain unchanged
  Finished generating code
  Rasteriser.vcxproj -> F:\G1\Submission\Source\x64\Release\Rasteriser.exe
  Rasteriser.vcxproj -> F:\G1\Submission\Source\x64\Release\Rasteriser.pdb (Partial -> Full PDB)
F:\G1\Submission\Source\x64\Release\Rasteriser.pdb : fatal error CMF1107: input PDB file is not generated by /DEBUG:fastlink
